<?xml version="1.0" encoding="UTF-8"?>
<!-- Generated by org.testng.reporters.JUnitReportReporter -->
<testsuite hostname="DESKTOP-2C5JRB1" failures="0" tests="3" name="testngProject.Testng04PersonalLoan" time="0.008" errors="0" timestamp="2019-11-16T10:12:47 CST" skipped="0">
  <testcase classname="testngProject.Testng04PersonalLoan" name="APILoginPersonalLoan" time="0.002"/>
  <testcase classname="testngProject.Testng04PersonalLoan" name="WebLoginPersonalLoan" time="0.004"/>
  <testcase classname="testngProject.Testng04PersonalLoan" name="MobileLoginPersonalLoan" time="0.002"/>
</testsuite> <!-- testngProject.Testng04PersonalLoan -->
