<?xml version="1.0" encoding="UTF-8"?>
<!-- Generated by org.testng.reporters.JUnitReportReporter -->
<testsuite hostname="DESKTOP-2C5JRB1" failures="0" tests="1" name="testngProject.TestngUseSXML" time="0.014" errors="0" timestamp="2019-11-16T09:54:29 CST" skipped="0">
  <testcase classname="testngProject.TestngUseSXML" name="Login" time="0.014"/>
</testsuite> <!-- testngProject.TestngUseSXML -->
