<?xml version="1.0" encoding="UTF-8"?>
<!-- Generated by org.testng.reporters.JUnitReportReporter -->
<testsuite hostname="DESKTOP-2C5JRB1" failures="0" tests="2" name="testng02Loans.Testng01PersonalLoan" time="0.006" errors="0" timestamp="2019-11-16T12:10:11 CST" skipped="0">
  <testcase classname="testng02Loans.Testng01PersonalLoan" name="MobileLoginPersonalLoan" time="0.002"/>
  <testcase classname="testng02Loans.Testng01PersonalLoan" name="WebLoginPersonalLoan" time="0.004"/>
</testsuite> <!-- testng02Loans.Testng01PersonalLoan -->
