<?xml version="1.0" encoding="UTF-8"?>
<!-- Generated by org.testng.reporters.JUnitReportReporter -->
<testsuite hostname="DESKTOP-2C5JRB1" failures="0" tests="1" name="testngProject.Testng03XML" time="0.012" errors="0" timestamp="2019-11-16T10:12:47 CST" skipped="0">
  <testcase classname="testngProject.Testng03XML" name="Login" time="0.012"/>
</testsuite> <!-- testngProject.Testng03XML -->
