<?xml version="1.0" encoding="UTF-8"?>
<!-- Generated by org.testng.reporters.JUnitReportReporter -->
<testsuite hostname="DESKTOP-2C5JRB1" failures="0" tests="2" name="testng02Loans.Testng02BusinessLoan" time="0.047" errors="0" timestamp="2019-11-16T12:10:11 CST" skipped="0">
  <testcase classname="testng02Loans.Testng02BusinessLoan" name="WebLoginBusinessLoan" time="0.003"/>
  <testcase classname="testng02Loans.Testng02BusinessLoan" name="APILoginBusinessLoan" time="0.044"/>
</testsuite> <!-- testng02Loans.Testng02BusinessLoan -->
