<?xml version="1.0" encoding="UTF-8"?>
<!-- Generated by org.testng.reporters.JUnitReportReporter -->
<testsuite hostname="DESKTOP-2C5JRB1" failures="0" tests="2" name="testngProject.Testng01Basics" time="0.021" errors="0" timestamp="2019-11-16T10:32:10 CST" skipped="0">
  <testcase classname="testngProject.Testng01Basics" name="SecondTestCase" time="0.006"/>
  <testcase classname="testngProject.Testng01Basics" name="FirstTestCase" time="0.015"/>
</testsuite> <!-- testngProject.Testng01Basics -->
