<?xml version="1.0" encoding="UTF-8"?>
<!-- Generated by org.testng.reporters.JUnitReportReporter -->
<testsuite hostname="DESKTOP-2C5JRB1" failures="0" tests="1" name="testngProject.Testng02UseSXML" time="0.008" errors="0" timestamp="2019-11-16T10:12:47 CST" skipped="0">
  <testcase classname="testngProject.Testng02UseSXML" name="Login" time="0.008"/>
</testsuite> <!-- testngProject.Testng02UseSXML -->
