<?xml version="1.0" encoding="UTF-8"?>
<!-- Generated by org.testng.reporters.JUnitReportReporter -->
<testsuite hostname="DESKTOP-2C5JRB1" failures="0" tests="1" name="testng02Loans.Testng03HomeLoan" time="0.001" errors="0" timestamp="2019-11-16T12:10:11 CST" skipped="0">
  <testcase classname="testng02Loans.Testng03HomeLoan" name="WebLoginHomeLoan" time="0.001"/>
</testsuite> <!-- testng02Loans.Testng03HomeLoan -->
