<?xml version="1.0" encoding="UTF-8"?>
<!-- Generated by org.testng.reporters.JUnitReportReporter -->
<testsuite hostname="DESKTOP-2C5JRB1" failures="0" tests="4" name="testng02Loans.Testng04Annotations" time="0.032" errors="0" timestamp="2019-11-16T12:10:11 CST" skipped="0">
  <testcase classname="testng02Loans.Testng04Annotations" name="Method2" time="0.005"/>
  <testcase classname="testng02Loans.Testng04Annotations" name="Method1" time="0.003"/>
  <testcase classname="testng02Loans.Testng04Annotations" name="Method3" time="0.007"/>
  <testcase classname="testng02Loans.Testng04Annotations" name="Method4" time="0.017"/>
</testsuite> <!-- testng02Loans.Testng04Annotations -->
